<?xml version="1.0" encoding="UTF-8"?>
<!-- Generated by org.testng.reporters.JUnitReportReporter -->
<testsuite hostname="Ravi" failures="0" tests="2" name="Runner.practicetestrunner" time="56.449" errors="0" timestamp="2023-12-11T16:41:40 IST" skipped="0">
  <testcase classname="Runner.practicetestrunner" name="runScenario" time="0.198"/>
  <testcase classname="Runner.practicetestrunner" name="runScenario" time="56.251"/>
</testsuite> <!-- Runner.practicetestrunner -->
