<?xml version="1.0" encoding="UTF-8"?>
<!-- Generated by org.testng.reporters.JUnitReportReporter -->
<testsuite hostname="Ravi" failures="0" tests="1" name="stepdefinitions.steplogin" time="0.016" errors="0" timestamp="2023-10-12T19:02:23 IST" skipped="0">
  <testcase classname="stepdefinitions.steplogin" name="user_is_on_login_page" time="0.016"/>
</testsuite> <!-- stepdefinitions.steplogin -->
